<?xml version="1.0" encoding="UTF-8"?>
<!-- Generated by org.testng.reporters.JUnitReportReporter -->
<testsuite hostname="DESKTOP-GLMN8EP" failures="0" tests="1" name="Tests.DashboardTest" time="329.407" errors="0" timestamp="2025-09-24T18:36:57 IST" skipped="0">
  <testcase classname="Tests.DashboardTest" name="testDashboardElements" time="329.407"/>
</testsuite> <!-- Tests.DashboardTest -->
