<?xml version="1.0" encoding="UTF-8"?>
<!-- Generated by org.testng.reporters.JUnitReportReporter -->
<testsuite hostname="DESKTOP-GLMN8EP" failures="0" tests="1" name="Tests.DashboardTest" time="42.197" errors="0" timestamp="2025-09-23T18:08:04 IST" skipped="0">
  <testcase classname="Tests.DashboardTest" name="testDashboardElements" time="42.197"/>
</testsuite> <!-- Tests.DashboardTest -->
