<?xml version="1.0" encoding="UTF-8"?>
<!-- Generated by org.testng.reporters.JUnitReportReporter -->
<testsuite hostname="DESKTOP-GLMN8EP" failures="0" tests="1" name="Tests.LoginTest" time="19.207" errors="0" timestamp="2025-09-19T19:00:01 IST" skipped="0">
  <testcase classname="Tests.LoginTest" name="testValidLogin" time="19.207"/>
</testsuite> <!-- Tests.LoginTest -->
